<node is-file="false">
    <name>/</name>
    <nodeObjs>
        <child is-file="true">
            <name>file-776194140.xml</name>
        </child>
        <child is-file="false">
            <name>dir-880176375</name>
            <nodeObjs>
                <child is-file="true">
                    <name>file-1073842118.java</name>
                </child>
                <child is-file="false">
                    <name>dir-2145307015</name>
                    <nodeObjs>
                        <child is-file="true">
                            <name>file-1498940214.xhtml</name>
                        </child>
                    </nodeObjs>
                </child>
            </nodeObjs>
        </child>
    </nodeObjs>
</node>